Using pre-set license
Built from '2020.3/staging' branch; Version is '2020.3.21f1 (a38c86f6690f) revision 10718342'; Using compiler version '192528614'; Build Type 'Release'
OS: 'Windows 10 Pro; OS build 19042.1348; Version 2009; 64bit' Language: 'es' Physical Memory: 4016 MB
BatchMode: 1, IsHumanControllingUs: 0, StartBugReporterOnCrash: 0, Is64bit: 1, IsPro: 0

COMMAND LINE ARGUMENTS:
C:\Program Files\Unity\Hub\Editor\2020.3.21f1\Editor\Unity.exe
-adb2
-batchMode
-noUpm
-name
AssetImportWorker9
-projectPath
D:/PycharmProjects/Unity/2D/MyFlappyBird
-logFile
Logs/AssetImportWorker9.log
-srvPort
49790
Successfully changed project path to: D:/PycharmProjects/Unity/2D/MyFlappyBird
D:/PycharmProjects/Unity/2D/MyFlappyBird
Using Asset Import Pipeline V2.
